--- Job counterfactual.gms Start 11/04/19 08:33:15 28.2.0 r750fa45 DEX-DEG x86 64bit/Mac OS X
--- GAMS Parameters defined
    Input /Users/stonecipherdr/Documents/GitHub/EBGN632_myModel/counterfactual.gms
    PageSize 0
    ScrDir /Users/stonecipherdr/Documents/GitHub/EBGN632_myModel/225a/
    SysDir /Applications/GAMS28.2/sysdir/
    LogOption 3
    ErrMsg 1
    ErrorLog 99
    IDE 1
    LstTitleLeftAligned 1
GAMS 28.2.0   Copyright (C) 1987-2019 GAMS Development. All rights reserved
Licensee: GAMS Development Corporation, USA              G871201/0000CA-ANY
          Free Demo, +1 202-342-0180, support@gams.com, www.gams.com DC0000
--- Starting compilation
--- counterfactual.gms(66) 3 Mb
--- Starting execution: elapsed 0:00:00.003
--- counterfactual.gms(44) 4 Mb
--- Generating LP model counterfactual
--- counterfactual.gms(65) 4 Mb
---   19 rows  28 columns  79 non-zeroes
--- Executing CPLEX: elapsed 0:00:00.015

IBM ILOG CPLEX   28.2.0 r750fa45 Released Aug 19, 2019 DEG x86 64bit/Mac OS X 
Cplex 12.9.0.0

Reading data...
Starting Cplex...
Space for names approximately 0.00 Mb
Use option 'names no' to turn use of names off
CPXPARAM_Advance                                 0
CPXPARAM_Simplex_Display                         2
CPXPARAM_Threads                                 1
CPXPARAM_Parallel                                1
CPXPARAM_Simplex_Limits_Iterations               2000000000
CPXPARAM_TimeLimit                               1000
CPXPARAM_Tune_TimeLimit                          200
Tried aggregator 1 time.
LP Presolve eliminated 1 rows and 1 columns.
Reduced LP has 18 rows, 27 columns, and 54 nonzeros.
Presolve time = 0.00 sec. (0.02 ticks)
Initializing dual steep norms . . .

Iteration      Dual Objective            In Variable           Out Variable
     1             640.320000   x(Gas.Denver.Golden)demand(Gas.Golden slack
     2            1190.940000 x(Wind.Denver.Boulder)demand(Wind.Bould slack
     3            1712.832000x(Solar.Denver.Boulder)demand(Solar.Boul slack
     4            2112.480000  x(Wind.Denver.Golden)demand(Wind.Golde slack
     5            2446.794000   x(Wind.Weld.Boulder)demand(Wind.Denve slack
     6            2932.362000     x(Gas.Weld.Golden)demand(Gas.Denver slack
     7            3199.530000 x(Solar.Denver.Golden)demand(Solar.Gold slack
     8            3491.262000  x(Solar.Weld.Boulder)demand(Solar.Denv slack
     9            3857.562000    x(Gas.Weld.Boulder)demand(Gas.Boulde slack
    10            4853.466000   x(Gas.Pueblo.Golden) supply(Gas.Weld) slack
    11            4967.724000    x(Wind.Weld.Golden) x(Wind.Denver.Boulder)
    12            5053.212000   x(Solar.Weld.Golden)x(Solar.Denver.Boulder)
    13            5315.292000  x(Wind.Pueblo.Golden)supply(Wind.Weld) slack
    14            5457.564000 x(Solar.Pueblo.Golden)supply(Solar.Weld slack
LP status(1): optimal
Cplex Time: 0.00sec (det. 0.05 ticks)

Optimal solution found.
Objective :        5457.564000

--- Restarting execution
--- counterfactual.gms(65) 2 Mb
--- Reading solution for model counterfactual
--- Executing after solve: elapsed 0:00:00.070
--- counterfactual.gms(66) 3 Mb
*** Status: Normal completion
--- Job counterfactual.gms Stop 11/04/19 08:33:15 elapsed 0:00:00.071
